<?xml version="1.0" encoding="UTF-8"?>
<!-- Generated by org.testng.reporters.JUnitXMLReporter -->
<testsuite ignored="0" hostname="IN-926HX14" failures="0" tests="3" name="Default test" time="23.194" errors="0" timestamp="2025-01-31T14:59:46 IST">
  <testcase classname="com.nagarro.tests.TestGoogle" name="testAmazonSearch" time="8.845"/>
  <testcase classname="com.nagarro.tests.TestGoogle" name="testAmazonTitle" time="2.053"/>
  <testcase classname="com.nagarro.tests.TestGoogle" name="testTitle" time="3.974"/>
</testsuite> <!-- Default test -->
