<?xml version="1.0" encoding="UTF-8"?>
<testng-results ignored="0" total="2" passed="2" failed="0" skipped="0">
  <reporter-output>
  </reporter-output>
  <suite started-at="2025-01-31T15:25:52 IST" name="com.nagarro.tests.TestGoogle" finished-at="2025-01-31T15:25:59 IST" duration-ms="6951">
    <groups>
    </groups>
    <test started-at="2025-01-31T15:25:52 IST" name="Command line test" finished-at="2025-01-31T15:25:59 IST" duration-ms="6951">
      <class name="com.nagarro.tests.TestGoogle">
        <test-method is-config="true" signature="setup()[pri:0, instance:com.nagarro.tests.TestGoogle@105fece7]" started-at="2025-01-31T15:25:52 IST" name="setup" finished-at="2025-01-31T15:25:54 IST" duration-ms="1718" status="PASS">
          <reporter-output>
          </reporter-output>
        </test-method> <!-- setup -->
        <test-method signature="testAmazonTitle()[pri:0, instance:com.nagarro.tests.TestGoogle@105fece7]" started-at="2025-01-31T15:25:54 IST" name="testAmazonTitle" finished-at="2025-01-31T15:25:55 IST" duration-ms="1957" status="PASS">
          <reporter-output>
          </reporter-output>
        </test-method> <!-- testAmazonTitle -->
        <test-method is-config="true" signature="tearDown()[pri:0, instance:com.nagarro.tests.TestGoogle@105fece7]" started-at="2025-01-31T15:25:55 IST" name="tearDown" finished-at="2025-01-31T15:25:56 IST" duration-ms="234" status="PASS">
          <reporter-output>
          </reporter-output>
        </test-method> <!-- tearDown -->
        <test-method is-config="true" signature="setup()[pri:0, instance:com.nagarro.tests.TestGoogle@105fece7]" started-at="2025-01-31T15:25:56 IST" name="setup" finished-at="2025-01-31T15:25:57 IST" duration-ms="900" status="PASS">
          <reporter-output>
          </reporter-output>
        </test-method> <!-- setup -->
        <test-method signature="testTitle()[pri:0, instance:com.nagarro.tests.TestGoogle@105fece7]" started-at="2025-01-31T15:25:57 IST" name="testTitle" finished-at="2025-01-31T15:25:59 IST" duration-ms="1938" status="PASS">
          <reporter-output>
          </reporter-output>
        </test-method> <!-- testTitle -->
        <test-method is-config="true" signature="tearDown()[pri:0, instance:com.nagarro.tests.TestGoogle@105fece7]" started-at="2025-01-31T15:25:59 IST" name="tearDown" finished-at="2025-01-31T15:25:59 IST" duration-ms="164" status="PASS">
          <reporter-output>
          </reporter-output>
        </test-method> <!-- tearDown -->
      </class> <!-- com.nagarro.tests.TestGoogle -->
    </test> <!-- Command line test -->
  </suite> <!-- com.nagarro.tests.TestGoogle -->
</testng-results>
